<?xml version="1.0" encoding="UTF-8"?>
<!-- Generated by org.testng.reporters.JUnitXMLReporter -->
<testsuite ignored="0" hostname="DESKTOP-SDU7F7J" failures="0" tests="3" name="Default test" time="42.29" errors="0" timestamp="2024-03-13T19:25:48 IST">
  <testcase classname="org.pageexe.LoginPageexe" name="test" time="1.368"/>
  <testcase classname="org.pageexe.LoginPageexe" name="test1" time="0.202"/>
  <testcase classname="org.pageexe.LoginPageexe" name="test2" time="0.179"/>
</testsuite> <!-- Default test -->
