<?xml version="1.0" encoding="UTF-8"?>
<testng-results ignored="0" total="3" passed="3" failed="0" skipped="0">
  <reporter-output>
  </reporter-output>
  <suite started-at="2024-03-13T19:25:06 IST" name="Default suite" finished-at="2024-03-13T19:25:48 IST" duration-ms="42290">
    <groups>
    </groups>
    <test started-at="2024-03-13T19:25:06 IST" name="Default test" finished-at="2024-03-13T19:25:48 IST" duration-ms="42290">
      <class name="org.pageexe.LoginPageexe">
        <test-method is-config="true" signature="beforeClass()[pri:0, instance:org.pageexe.LoginPageexe@1a75e76a]" started-at="2024-03-13T19:25:06 IST" name="beforeClass" finished-at="2024-03-13T19:25:37 IST" duration-ms="31278" status="PASS">
          <reporter-output>
          </reporter-output>
        </test-method> <!-- beforeClass -->
        <test-method is-config="true" signature="before()[pri:0, instance:org.pageexe.LoginPageexe@1a75e76a]" started-at="2024-03-13T19:25:37 IST" name="before" finished-at="2024-03-13T19:25:46 IST" duration-ms="8797" status="PASS">
          <reporter-output>
          </reporter-output>
        </test-method> <!-- before -->
        <test-method signature="test()[pri:0, instance:org.pageexe.LoginPageexe@1a75e76a]" started-at="2024-03-13T19:25:46 IST" name="test" finished-at="2024-03-13T19:25:48 IST" duration-ms="1368" status="PASS">
          <reporter-output>
          </reporter-output>
        </test-method> <!-- test -->
        <test-method signature="test1()[pri:0, instance:org.pageexe.LoginPageexe@1a75e76a]" started-at="2024-03-13T19:25:48 IST" name="test1" finished-at="2024-03-13T19:25:48 IST" duration-ms="202" status="PASS">
          <reporter-output>
          </reporter-output>
        </test-method> <!-- test1 -->
        <test-method signature="test2()[pri:0, instance:org.pageexe.LoginPageexe@1a75e76a]" started-at="2024-03-13T19:25:48 IST" name="test2" finished-at="2024-03-13T19:25:48 IST" duration-ms="179" status="PASS">
          <reporter-output>
          </reporter-output>
        </test-method> <!-- test2 -->
      </class> <!-- org.pageexe.LoginPageexe -->
    </test> <!-- Default test -->
  </suite> <!-- Default suite -->
</testng-results>
